<?xml version="1.0" encoding="utf-8"?><testsuites name="pytest tests"><testsuite name="pytest" errors="0" failures="0" skipped="0" tests="27" time="46.078" timestamp="2026-05-09T11:07:04.100081+00:00" hostname="agent-env-3b5da461-941e-48b3-a754-4a84b6dd7e82"><testcase classname="backend.tests.backend_test.TestAuth" name="test_health" time="0.161" /><testcase classname="backend.tests.backend_test.TestAuth" name="test_login_demo[super_admin-super@aischool.io]" time="0.273" /><testcase classname="backend.tests.backend_test.TestAuth" name="test_login_demo[school_admin-admin@aischool.io]" time="0.269" /><testcase classname="backend.tests.backend_test.TestAuth" name="test_login_demo[teacher-teacher@aischool.io]" time="0.267" /><testcase classname="backend.tests.backend_test.TestAuth" name="test_login_demo[student-student@aischool.io]" time="0.272" /><testcase classname="backend.tests.backend_test.TestAuth" name="test_login_demo[parent-parent@aischool.io]" time="0.266" /><testcase classname="backend.tests.backend_test.TestAuth" name="test_login_invalid" time="0.283" /><testcase classname="backend.tests.backend_test.TestAuth" name="test_me" time="1.387" /><testcase classname="backend.tests.backend_test.TestAuth" name="test_me_no_token" time="0.053" /><testcase classname="backend.tests.backend_test.TestDashboard" name="test_stats" time="0.054" /><testcase classname="backend.tests.backend_test.TestStudents" name="test_admin_lists_30" time="0.047" /><testcase classname="backend.tests.backend_test.TestStudents" name="test_parent_only_child" time="0.046" /><testcase classname="backend.tests.backend_test.TestStudents" name="test_student_only_self" time="0.046" /><testcase classname="backend.tests.backend_test.TestStudents" name="test_student_profile_detail" time="0.094" /><testcase classname="backend.tests.backend_test.TestStudents" name="test_rbac_student_cannot_create" time="0.046" /><testcase classname="backend.tests.backend_test.TestAttendance" name="test_mark_idempotent" time="0.190" /><testcase classname="backend.tests.backend_test.TestAttendance" name="test_rbac_parent_cannot_mark" time="0.055" /><testcase classname="backend.tests.backend_test.TestExamsMarks" name="test_exams_list" time="0.045" /><testcase classname="backend.tests.backend_test.TestExamsMarks" name="test_marks_count" time="0.052" /><testcase classname="backend.tests.backend_test.TestFees" name="test_admin_sees_all" time="0.051" /><testcase classname="backend.tests.backend_test.TestFees" name="test_parent_sees_only_own" time="0.047" /><testcase classname="backend.tests.backend_test.TestFees" name="test_pay_mock" time="0.140" /><testcase classname="backend.tests.backend_test.TestCirculars" name="test_create_and_list" time="0.091" /><testcase classname="backend.tests.backend_test.TestCirculars" name="test_rbac_student_cannot_create" time="0.044" /><testcase classname="backend.tests.backend_test.TestAI" name="test_ai_teacher_lesson_plan" time="30.632" /><testcase classname="backend.tests.backend_test.TestAI" name="test_ai_parent_chat" time="2.317" /><testcase classname="backend.tests.backend_test.TestAI" name="test_ai_insights" time="8.714" /></testsuite></testsuites>